# JRE version: Java(TM) SE Runtime Environment (23.0.1+11) (build 23.0.1+11-39)
# Java VM: Java HotSpot(TM) 64-Bit Server VM (23.0.1+11-39, mixed mode, sharing, tiered, compressed oops, compressed class ptrs, g1 gc, windows-amd64)
GC Precious Log:
 CardTable entry size: 512
 Card Set container configuration: InlinePtr #cards 5 size 8 Array Of Cards #cards 10 size 36 Howl #buckets 4 coarsen threshold 1843 Howl Bitmap #cards 512 size 80 coarsen threshold 460 Card regions per heap region 1 cards per card region 2048
 CPUs: 8 total, 8 available
 Memory: 6081M
 Large Page Support: Disabled
 NUMA Support: Disabled
 Compressed Oops: Enabled (32-bit)
 Heap Region Size: 1M
 Heap Min Capacity: 8M
 Heap Initial Capacity: 96M
 Heap Max Capacity: 1522M
 Pre-touch: Disabled
 Parallel Workers: 8
 Concurrent Workers: 2
 Concurrent Refinement Workers: 8
 Periodic GC: Disabled
Heap:
 garbage-first heap   total reserved 1558528K, committed 160768K, used 57851K [0x00000000a0e00000, 0x0000000100000000)
  region size 1024K, 13 young (13312K), 1 survivors (1024K)
 Metaspace       used 90327K, committed 91200K, reserved 1179648K
  class space    used 12224K, committed 12608K, reserved 1048576K
GC Heap History (20 events):
Event: 1164.023 GC heap before
{Heap before GC invocations=48 (full 0):
 garbage-first heap   total reserved 1558528K, committed 204800K, used 169936K [0x00000000a0e00000, 0x0000000100000000)
  region size 1024K, 120 young (122880K), 8 survivors (8192K)
 Metaspace       used 90326K, committed 91200K, reserved 1179648K
  class space    used 12223K, committed 12608K, reserved 1048576K
}
Event: 1164.032 GC heap after
{Heap after GC invocations=49 (full 0):
 garbage-first heap   total reserved 1558528K, committed 204800K, used 56433K [0x00000000a0e00000, 0x0000000100000000)
  region size 1024K, 8 young (8192K), 8 survivors (8192K)
 Metaspace       used 90326K, committed 91200K, reserved 1179648K
  class space    used 12223K, committed 12608K, reserved 1048576K
}
Event: 1166.544 GC heap before
{Heap before GC invocations=50 (full 0):
 garbage-first heap   total reserved 1558528K, committed 194560K, used 163953K [0x00000000a0e00000, 0x0000000100000000)
  region size 1024K, 114 young (116736K), 8 survivors (8192K)
 Metaspace       used 90326K, committed 91200K, reserved 1179648K
  class space    used 12223K, committed 12608K, reserved 1048576K
}
Event: 1166.555 GC heap after
{Heap after GC invocations=51 (full 0):
 garbage-first heap   total reserved 1558528K, committed 194560K, used 56432K [0x00000000a0e00000, 0x0000000100000000)
  region size 1024K, 8 young (8192K), 8 survivors (8192K)
 Metaspace       used 90326K, committed 91200K, reserved 1179648K
  class space    used 12223K, committed 12608K, reserved 1048576K
}
Event: 1168.947 GC heap before
{Heap before GC invocations=51 (full 0):
 garbage-first heap   total reserved 1558528K, committed 194560K, used 163952K [0x00000000a0e00000, 0x0000000100000000)
  region size 1024K, 114 young (116736K), 8 survivors (8192K)
 Metaspace       used 90326K, committed 91200K, reserved 1179648K
  class space    used 12223K, committed 12608K, reserved 1048576K
}
Event: 1168.956 GC heap after
{Heap after GC invocations=52 (full 0):
 garbage-first heap   total reserved 1558528K, committed 194560K, used 49363K [0x00000000a0e00000, 0x0000000100000000)
  region size 1024K, 7 young (7168K), 7 survivors (7168K)
 Metaspace       used 90326K, committed 91200K, reserved 1179648K
  class space    used 12223K, committed 12608K, reserved 1048576K
}
Event: 1171.175 GC heap before
{Heap before GC invocations=52 (full 0):
 garbage-first heap   total reserved 1558528K, committed 194560K, used 157907K [0x00000000a0e00000, 0x0000000100000000)
  region size 1024K, 114 young (116736K), 7 survivors (7168K)
 Metaspace       used 90326K, committed 91200K, reserved 1179648K
  class space    used 12223K, committed 12608K, reserved 1048576K
}
Event: 1171.186 GC heap after
{Heap after GC invocations=53 (full 0):
 garbage-first heap   total reserved 1558528K, committed 194560K, used 50037K [0x00000000a0e00000, 0x0000000100000000)
  region size 1024K, 8 young (8192K), 8 survivors (8192K)
 Metaspace       used 90326K, committed 91200K, reserved 1179648K
  class space    used 12223K, committed 12608K, reserved 1048576K
}
Event: 1173.385 GC heap before
{Heap before GC invocations=54 (full 0):
 garbage-first heap   total reserved 1558528K, committed 174080K, used 145269K [0x00000000a0e00000, 0x0000000100000000)
  region size 1024K, 102 young (104448K), 8 survivors (8192K)
 Metaspace       used 90326K, committed 91200K, reserved 1179648K
  class space    used 12223K, committed 12608K, reserved 1048576K
}
Event: 1173.398 GC heap after
{Heap after GC invocations=55 (full 0):
 garbage-first heap   total reserved 1558528K, committed 174080K, used 49895K [0x00000000a0e00000, 0x0000000100000000)
  region size 1024K, 6 young (6144K), 6 survivors (6144K)
 Metaspace       used 90326K, committed 91200K, reserved 1179648K
  class space    used 12223K, committed 12608K, reserved 1048576K
}
Event: 1176.079 GC heap before
{Heap before GC invocations=55 (full 0):
 garbage-first heap   total reserved 1558528K, committed 174080K, used 148199K [0x00000000a0e00000, 0x0000000100000000)
  region size 1024K, 102 young (104448K), 6 survivors (6144K)
 Metaspace       used 90327K, committed 91200K, reserved 1179648K
  class space    used 12223K, committed 12608K, reserved 1048576K
}
Event: 1176.088 GC heap after
{Heap after GC invocations=56 (full 0):
 garbage-first heap   total reserved 1558528K, committed 174080K, used 48130K [0x00000000a0e00000, 0x0000000100000000)
  region size 1024K, 6 young (6144K), 6 survivors (6144K)
 Metaspace       used 90327K, committed 91200K, reserved 1179648K
  class space    used 12223K, committed 12608K, reserved 1048576K
}
Event: 1178.661 GC heap before
{Heap before GC invocations=56 (full 0):
 garbage-first heap   total reserved 1558528K, committed 174080K, used 146434K [0x00000000a0e00000, 0x0000000100000000)
  region size 1024K, 102 young (104448K), 6 survivors (6144K)
 Metaspace       used 90327K, committed 91200K, reserved 1179648K
  class space    used 12223K, committed 12608K, reserved 1048576K
}
Event: 1178.677 GC heap after
{Heap after GC invocations=57 (full 0):
 garbage-first heap   total reserved 1558528K, committed 174080K, used 48381K [0x00000000a0e00000, 0x0000000100000000)
  region size 1024K, 2 young (2048K), 2 survivors (2048K)
 Metaspace       used 90327K, committed 91200K, reserved 1179648K
  class space    used 12223K, committed 12608K, reserved 1048576K
}
Event: 1180.834 GC heap before
{Heap before GC invocations=58 (full 0):
 garbage-first heap   total reserved 1558528K, committed 167936K, used 145661K [0x00000000a0e00000, 0x0000000100000000)
  region size 1024K, 98 young (100352K), 2 survivors (2048K)
 Metaspace       used 90327K, committed 91200K, reserved 1179648K
  class space    used 12223K, committed 12608K, reserved 1048576K
}
Event: 1180.838 GC heap after
{Heap after GC invocations=59 (full 0):
 garbage-first heap   total reserved 1558528K, committed 167936K, used 48341K [0x00000000a0e00000, 0x0000000100000000)
  region size 1024K, 1 young (1024K), 1 survivors (1024K)
 Metaspace       used 90327K, committed 91200K, reserved 1179648K
  class space    used 12223K, committed 12608K, reserved 1048576K
}
Event: 1183.174 GC heap before
{Heap before GC invocations=59 (full 0):
 garbage-first heap   total reserved 1558528K, committed 167936K, used 146645K [0x00000000a0e00000, 0x0000000100000000)
  region size 1024K, 98 young (100352K), 1 survivors (1024K)
 Metaspace       used 90327K, committed 91200K, reserved 1179648K
  class space    used 12223K, committed 12608K, reserved 1048576K
}
Event: 1183.178 GC heap after
{Heap after GC invocations=60 (full 0):
 garbage-first heap   total reserved 1558528K, committed 167936K, used 46497K [0x00000000a0e00000, 0x0000000100000000)
  region size 1024K, 1 young (1024K), 1 survivors (1024K)
 Metaspace       used 90327K, committed 91200K, reserved 1179648K
  class space    used 12223K, committed 12608K, reserved 1048576K
}
Event: 1194.518 GC heap before
{Heap before GC invocations=60 (full 0):
 garbage-first heap   total reserved 1558528K, committed 167936K, used 144801K [0x00000000a0e00000, 0x0000000100000000)
  region size 1024K, 98 young (100352K), 1 survivors (1024K)
 Metaspace       used 90327K, committed 91200K, reserved 1179648K
  class space    used 12224K, committed 12608K, reserved 1048576K
}
Event: 1194.520 GC heap after
{Heap after GC invocations=61 (full 0):
 garbage-first heap   total reserved 1558528K, committed 167936K, used 46587K [0x00000000a0e00000, 0x0000000100000000)
  region size 1024K, 1 young (1024K), 1 survivors (1024K)
 Metaspace       used 90327K, committed 91200K, reserved 1179648K
  class space    used 12224K, committed 12608K, reserved 1048576K
}

